[debug] [2020-04-24T16:58:03.488Z] ----------------------------------------------------------------------
[debug] [2020-04-24T16:58:03.493Z] Command:       /home/minerva/.nvm/versions/node/v14.0.0/bin/node /home/minerva/.nvm/versions/node/v14.0.0/bin/firebase init
[debug] [2020-04-24T16:58:03.493Z] CLI Version:   8.1.1
[debug] [2020-04-24T16:58:03.494Z] Platform:      linux
[debug] [2020-04-24T16:58:03.494Z] Node Version:  v14.0.0
[debug] [2020-04-24T16:58:03.726Z] Time:          Fri Apr 24 2020 13:58:03 GMT-0300 (Argentina Standard Time)
[debug] [2020-04-24T16:58:03.727Z] ----------------------------------------------------------------------
[debug] [2020-04-24T16:58:03.727Z] 
[debug] [2020-04-24T16:58:03.839Z] > command requires scopes: ["email","openid","https://www.googleapis.com/auth/cloudplatformprojects.readonly","https://www.googleapis.com/auth/firebase","https://www.googleapis.com/auth/cloud-platform"]
[debug] [2020-04-24T16:58:03.840Z] > authorizing via signed-in user
[info] 
     ######## #### ########  ######## ########     ###     ######  ########
     ##        ##  ##     ## ##       ##     ##  ##   ##  ##       ##
     ######    ##  ########  ######   ########  #########  ######  ######
     ##        ##  ##    ##  ##       ##     ## ##     ##       ## ##
     ##       #### ##     ## ######## ########  ##     ##  ######  ########

You're about to initialize a Firebase project in this directory:

  /mnt/d/1. Web/2. Test Projects/bookstore--test

Before we get started, keep in mind:

  * You are currently outside your home directory
  * You are initializing in an existing Firebase project directory

